Testsuite: wsedt.CoursTests
Tests run: 1, Failures: 1, Errors: 0, Time elapsed: 2,122 sec
------------- Standard Output ---------------
--Output from testSomething--
------------- ---------------- ---------------
------------- Standard Error -----------------
--Output from testSomething--
------------- ---------------- ---------------

Testcase: testSomething took 1,856 sec
	FAILED
java.lang.AssertionError: Implement me
junit.framework.AssertionFailedError: java.lang.AssertionError: Implement me
	at wsedt.CoursTests.testSomething(CoursTests.groovy:15)

