Testsuite: wsedt.SalleTests
Tests run: 1, Failures: 1, Errors: 0, Time elapsed: 0,269 sec
------------- Standard Output ---------------
--Output from testSomething--
------------- ---------------- ---------------
------------- Standard Error -----------------
--Output from testSomething--
------------- ---------------- ---------------

Testcase: testSomething took 0,263 sec
	FAILED
java.lang.AssertionError: Implement me
junit.framework.AssertionFailedError: java.lang.AssertionError: Implement me
	at wsedt.SalleTests.testSomething(SalleTests.groovy:15)

