Testsuite: wsedt.ReservationTests
Tests run: 1, Failures: 1, Errors: 0, Time elapsed: 0,454 sec
------------- Standard Output ---------------
--Output from testSomething--
------------- ---------------- ---------------
------------- Standard Error -----------------
--Output from testSomething--
------------- ---------------- ---------------

Testcase: testSomething took 0,224 sec
	FAILED
java.lang.AssertionError: Implement me
junit.framework.AssertionFailedError: java.lang.AssertionError: Implement me
	at wsedt.ReservationTests.testSomething(ReservationTests.groovy:15)

