<?xml version="1.0" encoding="UTF-8" ?>
<testsuite errors="0" failures="1" hostname="Unknow" name="wsedt.CoursTests" tests="1" time="2.122" timestamp="2012-03-30T07:08:13">
  <properties />
  <testcase classname="wsedt.CoursTests" name="testSomething" time="1.901">
    <failure message="java.lang.AssertionError: Implement me" type="junit.framework.AssertionFailedError">junit.framework.AssertionFailedError: java.lang.AssertionError: Implement me
	at wsedt.CoursTests.testSomething(CoursTests.groovy:15)
</failure>
  </testcase>
  <system-out><![CDATA[--Output from testSomething--
]]></system-out>
  <system-err><![CDATA[--Output from testSomething--
]]></system-err>
</testsuite>
