<?xml version="1.0" encoding="UTF-8" ?>
<testsuite errors="0" failures="1" hostname="Unknow" name="wsedt.SalleTests" tests="1" time="0.269" timestamp="2012-03-30T07:08:15">
  <properties />
  <testcase classname="wsedt.SalleTests" name="testSomething" time="0.263">
    <failure message="java.lang.AssertionError: Implement me" type="junit.framework.AssertionFailedError">junit.framework.AssertionFailedError: java.lang.AssertionError: Implement me
	at wsedt.SalleTests.testSomething(SalleTests.groovy:15)
</failure>
  </testcase>
  <system-out><![CDATA[--Output from testSomething--
]]></system-out>
  <system-err><![CDATA[--Output from testSomething--
]]></system-err>
</testsuite>
