<?xml version="1.0" encoding="UTF-8" ?>
<testsuite errors="0" failures="1" hostname="Unknow" name="wsedt.ReservationTests" tests="1" time="0.454" timestamp="2012-03-30T07:08:15">
  <properties />
  <testcase classname="wsedt.ReservationTests" name="testSomething" time="0.224">
    <failure message="java.lang.AssertionError: Implement me" type="junit.framework.AssertionFailedError">junit.framework.AssertionFailedError: java.lang.AssertionError: Implement me
	at wsedt.ReservationTests.testSomething(ReservationTests.groovy:15)
</failure>
  </testcase>
  <system-out><![CDATA[--Output from testSomething--
]]></system-out>
  <system-err><![CDATA[--Output from testSomething--
]]></system-err>
</testsuite>
